#
# There is insufficient memory for the Java Runtime Environment to continue.
# Native memory allocation (mmap) failed to map 130023424 bytes. Error detail: G1 virtual space
# Possible reasons:
#   The system is out of physical RAM or swap space
#   This process is running with CompressedOops enabled, and the Java Heap may be blocking the growth of the native heap
# Possible solutions:
#   Reduce memory load on the system
#   Increase physical memory or swap space
#   Check if swap backing store is full
#   Decrease Java heap size (-Xmx/-Xms)
#   Decrease number of Java threads
#   Decrease Java thread stack sizes (-Xss)
#   Set larger code cache with -XX:ReservedCodeCacheSize=
#   JVM is running with Unscaled Compressed Oops mode in which the Java heap is
#     placed in the first 4GB address space. The Java Heap base address is the
#     maximum limit for the native heap growth. Please use -XX:HeapBaseMinAddress
#     to set the Java Heap base and to place the Java Heap above 4GB virtual address.
# This output file may be truncated or incomplete.
#
#  Out of Memory Error (os_windows.cpp:3703), pid=29364, tid=28600
#
# JRE version:  (23.0.1+11) (build )
# Java VM: Java HotSpot(TM) 64-Bit Server VM (23.0.1+11-39, mixed mode, sharing, tiered, compressed oops, compressed class ptrs, g1 gc, windows-amd64)
# No core dump will be written. Minidumps are not enabled by default on client versions of Windows
#

---------------  S U M M A R Y ------------

Command Line: ShooterGame

Host: 12th Gen Intel(R) Core(TM) i7-12800H, 20 cores, 7G,  Windows 11 , 64 bit Build 22621 (10.0.22621.4391)
Time: Wed Feb 19 21:37:11 2025 Cap-Vert elapsed time: 0.547031 seconds (0d 0h 0m 0s)

---------------  T H R E A D  ---------------

Current thread (0x0000024f90bcedb0):  JavaThread "Unknown thread" [_thread_in_vm, id=28600, stack(0x0000008400500000,0x0000008400600000) (1024K)]

Stack: [0x0000008400500000,0x0000008400600000]
Native frames: (J=compiled Java code, j=interpreted, Vv=VM code, C=native code)
V  [jvm.dll+0x6e08b9]  (no source info available)
V  [jvm.dll+0x87dc83]  (no source info available)
V  [jvm.dll+0x88010e]  (no source info available)
V  [jvm.dll+0x8807e3]  (no source info available)
V  [jvm.dll+0x27aee6]  (no source info available)
V  [jvm.dll+0x6dd1c5]  (no source info available)
V  [jvm.dll+0x6d104a]  (no source info available)
V  [jvm.dll+0x35b3ea]  (no source info available)
V  [jvm.dll+0x3637f6]  (no source info available)
V  [jvm.dll+0x34fd5e]  (no source info available)
V  [jvm.dll+0x34fff8]  (no source info available)
V  [jvm.dll+0x3289cc]  (no source info available)
V  [jvm.dll+0x32966e]  (no source info available)
V  [jvm.dll+0x844355]  (no source info available)
V  [jvm.dll+0x3b9848]  (no source info available)
V  [jvm.dll+0x82d14c]  (no source info available)
V  [jvm.dll+0x454d4e]  (no source info available)
V  [jvm.dll+0x456bd1]  (no source info available)
C  [jli.dll+0x52a3]  (no source info available)
C  [ucrtbase.dll+0x29333]  (no source info available)
C  [KERNEL32.DLL+0x1259d]  (no source info available)
C  [ntdll.dll+0x5af38]  (no source info available)

Lock stack of current Java thread (top to bottom):


---------------  P R O C E S S  ---------------

Threads class SMR info:
_java_thread_list=0x00007ff97f163618, length=0, elements={
}

Java Threads: ( => current thread )
Total: 0

Other Threads:
  0x0000024f93976670 WorkerThread "GC Thread#0"                     [id=40912, stack(0x0000008400600000,0x0000008400700000) (1024K)]
  0x0000024f9398ab40 ConcurrentGCThread "G1 Main Marker"            [id=37408, stack(0x0000008400700000,0x0000008400800000) (1024K)]
  0x0000024f9398c170 WorkerThread "G1 Conc#0"                       [id=52204, stack(0x0000008400800000,0x0000008400900000) (1024K)]

[error occurred during error reporting (printing all threads), id 0xc0000005, EXCEPTION_ACCESS_VIOLATION (0xc0000005) at pc=0x00007ff97e8abfba]
VM state: not at safepoint (not fully initialized)

VM Mutex/Monitor currently owned by a thread:  ([mutex/lock_event])
[0x00007ff97f1e3a10] Heap_lock - owner thread: 0x0000024f90bcedb0

Heap address: 0x0000000084e00000, size: 1970 MB, Compressed Oops mode: 32-bit

CDS archive(s) mapped at: [0x0000000000000000-0x0000000000000000-0x0000000000000000), size 0, SharedBaseAddress: 0x0000000800000000, ArchiveRelocationMode: 1.
Narrow klass base: 0x0000000000000000, Narrow klass shift: 0, Narrow klass range: 0x0

GC Precious Log:
 CardTable entry size: 512
 Card Set container configuration: InlinePtr #cards 5 size 8 Array Of Cards #cards 10 size 36 Howl #buckets 4 coarsen threshold 1843 Howl Bitmap #cards 512 size 80 coarsen threshold 460 Card regions per heap region 1 cards per card region 2048

Heap:
 garbage-first heap   total reserved 2017280K, committed 0K, used 0K [0x0000000084e00000, 0x0000000100000000)
  region size 1024K, 0 young (0K), 0 survivors (0K)

[error occurred during error reporting (printing heap information), id 0xc0000005, EXCEPTION_ACCESS_VIOLATION (0xc0000005) at pc=0x00007ff97ecac3c9]
GC Heap History (0 events):
No events

Dll operation events (1 events):
Event: 0.520 Loaded shared library C:\Program Files\Java\jdk-23\bin\java.dll

Deoptimization events (0 events):
No events

Classes loaded (0 events):
No events

Classes unloaded (0 events):
No events

Classes redefined (0 events):
No events

Internal exceptions (0 events):
No events

VM Operations (0 events):
No events

Memory protections (0 events):
No events

Nmethod flushes (0 events):
No events

Events (0 events):
No events


Dynamic libraries:
0x00007ff7b1930000 - 0x00007ff7b1940000 	C:\Program Files\Java\jdk-23\bin\java.exe
0x00007ffa16a30000 - 0x00007ffa16c47000 	C:\Windows\SYSTEM32\ntdll.dll
0x00007ffa15e00000 - 0x00007ffa15ec4000 	C:\Windows\System32\KERNEL32.DLL
0x00007ffa141f0000 - 0x00007ffa145aa000 	C:\Windows\System32\KERNELBASE.dll
0x00007ffa13cf0000 - 0x00007ffa13e01000 	C:\Windows\System32\ucrtbase.dll
0x00007ffa01aa0000 - 0x00007ffa01abb000 	C:\Program Files\Java\jdk-23\bin\VCRUNTIME140.dll
0x00007ff9ff130000 - 0x00007ff9ff147000 	C:\Program Files\Java\jdk-23\bin\jli.dll
0x00007ffa14730000 - 0x00007ffa148de000 	C:\Windows\System32\USER32.dll
0x00007ffa13f60000 - 0x00007ffa13f86000 	C:\Windows\System32\win32u.dll
0x00007ffa15830000 - 0x00007ffa15859000 	C:\Windows\System32\GDI32.dll
0x00007ffa14010000 - 0x00007ffa1412b000 	C:\Windows\System32\gdi32full.dll
0x00007ff9f5ed0000 - 0x00007ff9f6162000 	C:\Windows\WinSxS\amd64_microsoft.windows.common-controls_6595b64144ccf1df_6.0.22621.4541_none_2710d1c57384c085\COMCTL32.dll
0x00007ffa13e10000 - 0x00007ffa13eaa000 	C:\Windows\System32\msvcp_win.dll
0x00007ffa14900000 - 0x00007ffa149a7000 	C:\Windows\System32\msvcrt.dll
0x00007ffa15ee0000 - 0x00007ffa15f11000 	C:\Windows\System32\IMM32.DLL
0x00007ffa0ac50000 - 0x00007ffa0ae52000 	C:\Windows\system32\tmumh\20019\AddOn\8.55.0.1288\TmUmEvt64.dll
0x00007ffa167a0000 - 0x00007ffa167a8000 	C:\Windows\System32\PSAPI.DLL
0x00007ffa14a10000 - 0x00007ffa14ac2000 	C:\Windows\System32\ADVAPI32.dll
0x00007ffa167b0000 - 0x00007ffa16857000 	C:\Windows\System32\sechost.dll
0x00007ffa13f30000 - 0x00007ffa13f58000 	C:\Windows\System32\bcrypt.dll
0x00007ffa15c80000 - 0x00007ffa15d94000 	C:\Windows\System32\RPCRT4.dll
0x0000000069c10000 - 0x0000000069da7000 	C:\Windows\system32\tmumh\20019\TmMon\2.9.0.1084\tmmon64.dll
0x00007ffa0f260000 - 0x00007ffa0f26c000 	C:\Program Files\Java\jdk-23\bin\vcruntime140_1.dll
0x00007ff9da1b0000 - 0x00007ff9da23e000 	C:\Program Files\Java\jdk-23\bin\msvcp140.dll
0x00007ff97e570000 - 0x00007ff97f2bf000 	C:\Program Files\Java\jdk-23\bin\server\jvm.dll
0x00007ffa15910000 - 0x00007ffa15981000 	C:\Windows\System32\WS2_32.dll
0x00007ffa13bc0000 - 0x00007ffa13c0d000 	C:\Windows\SYSTEM32\POWRPROF.dll
0x00007ffa0ef40000 - 0x00007ffa0ef74000 	C:\Windows\SYSTEM32\WINMM.dll
0x00007ffa0a150000 - 0x00007ffa0a15a000 	C:\Windows\SYSTEM32\VERSION.dll
0x00007ffa139f0000 - 0x00007ffa13a03000 	C:\Windows\SYSTEM32\UMPDC.dll
0x00007ffa12cf0000 - 0x00007ffa12d08000 	C:\Windows\SYSTEM32\kernel.appcore.dll
0x00007ffa0f0b0000 - 0x00007ffa0f0ba000 	C:\Program Files\Java\jdk-23\bin\jimage.dll
0x00007ffa10710000 - 0x00007ffa10942000 	C:\Windows\SYSTEM32\DBGHELP.DLL
0x00007ffa14ad0000 - 0x00007ffa14e61000 	C:\Windows\System32\combase.dll
0x00007ffa15990000 - 0x00007ffa15a67000 	C:\Windows\System32\OLEAUT32.dll
0x00007ffa02130000 - 0x00007ffa02162000 	C:\Windows\SYSTEM32\dbgcore.DLL
0x00007ffa13f90000 - 0x00007ffa1400b000 	C:\Windows\System32\bcryptPrimitives.dll
0x00007ffa00780000 - 0x00007ffa0079e000 	C:\Program Files\Java\jdk-23\bin\java.dll
0x00007ffa151a0000 - 0x00007ffa15345000 	C:\Windows\System32\ole32.dll
0x00007ffa15f20000 - 0x00007ffa16799000 	C:\Windows\System32\SHELL32.dll

dbghelp: loaded successfully - version: 4.0.5 - missing functions: none
symbol engine: initialized successfully - sym options: 0x614 - pdb path: .;C:\Program Files\Java\jdk-23\bin;C:\Windows\SYSTEM32;C:\Windows\WinSxS\amd64_microsoft.windows.common-controls_6595b64144ccf1df_6.0.22621.4541_none_2710d1c57384c085;C:\Windows\system32\tmumh\20019\AddOn\8.55.0.1288;C:\Windows\system32\tmumh\20019\TmMon\2.9.0.1084;C:\Program Files\Java\jdk-23\bin\server

VM Arguments:
java_command: ShooterGame
java_class_path (initial): .
Launcher Type: SUN_STANDARD

[Global flags]
     intx CICompilerCount                          = 12                                        {product} {ergonomic}
     uint ConcGCThreads                            = 4                                         {product} {ergonomic}
     uint G1ConcRefinementThreads                  = 15                                        {product} {ergonomic}
   size_t G1HeapRegionSize                         = 1048576                                   {product} {ergonomic}
   size_t InitialHeapSize                          = 130023424                                 {product} {ergonomic}
   size_t MarkStackSize                            = 4194304                                   {product} {ergonomic}
   size_t MarkStackSizeMax                         = 536870912                                 {product} {ergonomic}
   size_t MaxHeapSize                              = 2065694720                                {product} {ergonomic}
   size_t MinHeapDeltaBytes                        = 1048576                                   {product} {ergonomic}
   size_t MinHeapSize                              = 8388608                                   {product} {ergonomic}
    uintx NonNMethodCodeHeapSize                   = 7602176                                {pd product} {ergonomic}
    uintx NonProfiledCodeHeapSize                  = 122093568                              {pd product} {ergonomic}
    uintx ProfiledCodeHeapSize                     = 121962496                              {pd product} {ergonomic}
    uintx ReservedCodeCacheSize                    = 251658240                              {pd product} {ergonomic}
     bool SegmentedCodeCache                       = true                                      {product} {ergonomic}
   size_t SoftMaxHeapSize                          = 2065694720                             {manageable} {ergonomic}
     bool UseCompressedOops                        = true                           {product lp64_product} {ergonomic}
     bool UseG1GC                                  = true                                      {product} {ergonomic}
     bool UseLargePagesIndividualAllocation        = false                                  {pd product} {ergonomic}

Logging:
Log output configuration:
 #0: stdout all=warning uptime,level,tags foldmultilines=false
 #1: stderr all=off uptime,level,tags foldmultilines=false

Environment Variables:
PATH=C:\oraclexe\app\oracle\product\11.2.0\server\bin;C:\Program Files\Common Files\Oracle\Java\javapath;C:\Program Files\Python313\Scripts\;C:\Program Files\Python313\;C:\Windows\system32;C:\Windows;C:\Windows\System32\Wbem;C:\Windows\System32\WindowsPowerShell\v1.0\;C:\Windows\System32\OpenSSH\;C:\Program Files\dotnet\;C:\MinGW\bin;C:\Program Files\nodejs\;C:\ProgramData\chocolatey\bin;C:\Program Files\Python313;C:\ProgramData\ComposerSetup\bin;C:\Program Files\Git\cmd;C:\xampp\php;C:\Program Files\MATLAB\MATLAB Production Server\R2015a\runtime\win64;C:\Program Files\MATLAB\MATLAB Production Server\R2015a\bin;C:\Program Files\MATLAB\MATLAB Production Server\R2015a\polyspace\bin;C:\Program Files\Java\jdk-23\bin;C:\Users\ENPEI\AppData\Local\Programs\Microsoft VS Code\bin
USERNAME=ENPEI
LANG=en_US.UTF-8
OS=Windows_NT
PROCESSOR_IDENTIFIER=Intel64 Family 6 Model 154 Stepping 3, GenuineIntel
TMP=C:\Users\ENPEI\AppData\Local\Temp
TEMP=C:\Users\ENPEI\AppData\Local\Temp




Periodic native trim disabled

---------------  S Y S T E M  ---------------

OS:
 Windows 11 , 64 bit Build 22621 (10.0.22621.4391)
OS uptime: 28 days 4:12 hours
Hyper-V role detected

CPU: total 20 (initial active 20) (10 cores per cpu, 2 threads per core) family 6 model 154 stepping 3 microcode 0x435, cx8, cmov, fxsr, ht, mmx, 3dnowpref, sse, sse2, sse3, ssse3, sse4.1, sse4.2, popcnt, lzcnt, tsc, tscinvbit, avx, avx2, aes, erms, clmul, bmi1, bmi2, adx, sha, fma, vzeroupper, clflush, clflushopt, clwb, hv, serialize, rdtscp, rdpid, fsrm, gfni, f16c, cet_ibt, cet_ss
Processor Information for processor 0
  Max Mhz: 1800, Current Mhz: 1800, Mhz Limit: 1800
Processor Information for processor 1
  Max Mhz: 1800, Current Mhz: 1800, Mhz Limit: 1800
Processor Information for processor 2
  Max Mhz: 1800, Current Mhz: 1800, Mhz Limit: 1800
Processor Information for processor 3
  Max Mhz: 1800, Current Mhz: 1800, Mhz Limit: 1800
Processor Information for processor 4
  Max Mhz: 1800, Current Mhz: 1800, Mhz Limit: 1800
Processor Information for processor 5
  Max Mhz: 1800, Current Mhz: 1800, Mhz Limit: 1800
Processor Information for processor 6
  Max Mhz: 1800, Current Mhz: 1800, Mhz Limit: 1800
Processor Information for processor 7
  Max Mhz: 1800, Current Mhz: 1800, Mhz Limit: 1800
Processor Information for processor 8
  Max Mhz: 1800, Current Mhz: 1800, Mhz Limit: 1800
Processor Information for processor 9
  Max Mhz: 1800, Current Mhz: 1800, Mhz Limit: 1800
Processor Information for processor 10
  Max Mhz: 1800, Current Mhz: 1800, Mhz Limit: 1800
Processor Information for processor 11
  Max Mhz: 1800, Current Mhz: 1800, Mhz Limit: 1800
Processor Information for processor 12
  Max Mhz: 1800, Current Mhz: 1400, Mhz Limit: 1386
Processor Information for processor 13
  Max Mhz: 1800, Current Mhz: 1400, Mhz Limit: 1386
Processor Information for processor 14
  Max Mhz: 1800, Current Mhz: 1400, Mhz Limit: 1386
Processor Information for processor 15
  Max Mhz: 1800, Current Mhz: 1400, Mhz Limit: 1386
Processor Information for processor 16
  Max Mhz: 1800, Current Mhz: 1400, Mhz Limit: 1386
Processor Information for processor 17
  Max Mhz: 1800, Current Mhz: 1400, Mhz Limit: 1386
Processor Information for processor 18
  Max Mhz: 1800, Current Mhz: 1400, Mhz Limit: 1386
Processor Information for processor 19
  Max Mhz: 1800, Current Mhz: 1400, Mhz Limit: 1386

Memory: 4k page, system-wide physical 7876M (433M free)
TotalPageFile size 32452M (AvailPageFile size 513M)
current process WorkingSet (physical memory assigned to process): 14M, peak: 14M
current process commit charge ("private bytes"): 77M, peak: 201M

vm_info: Java HotSpot(TM) 64-Bit Server VM (23.0.1+11-39) for windows-amd64 JRE (23.0.1+11-39), built on 2024-09-30T07:20:43Z with MS VC++ 17.6 (VS2022)

END.
